[Mar 23 12:10:36:1648037436.486467:1:info] Quick Scan Complete. Scanned in less than 1 second.
[Mar 23 12:10:36:1648037436.485120:2:info] Wordfence used 4 MB of memory for scan. Server peak memory usage was: 8 MB
[Mar 23 12:10:36:1648037436.483367:1:info] -------------------
[Mar 23 12:10:36:1648037436.352966:1:info] Initiating quick scan
[Mar 22 12:08:21:1647950901.226504:1:info] Quick Scan Complete. Scanned in less than 1 second.
[Mar 22 12:08:21:1647950901.224631:2:info] Wordfence used 0 B of memory for scan. Server peak memory usage was: 2 MB
[Mar 22 12:08:21:1647950901.220458:1:info] -------------------
[Mar 22 12:08:21:1647950901.083841:1:info] Initiating quick scan
[Mar 21 13:54:48:1647870888.676007:1:info] Scan Complete. Scanned 138440 files, 39 plugins, 7 themes, 176 posts, 51 comments and 95914 URLs in 1 hour 43 minutes 43 seconds.
[Mar 21 13:54:48:1647870888.674881:2:info] Wordfence used 59.18 MB of memory for scan. Server peak memory usage was: 99.18 MB
[Mar 21 13:54:48:1647870888.672557:1:info] -------------------
[Mar 21 13:54:48:1647870888.637133:2:info] Done examining URLs
[Mar 21 13:54:48:1647870888.634929:2:info] Examining URLs found in the options we scanned for dangerous websites
[Mar 21 13:54:39:1647870879.763350:2:info] Starting password strength check on 13 users.
[Mar 21 13:54:39:1647870879.730264:2:info] Done host key check.
[Mar 21 13:54:39:1647870879.058216:2:info] Checking 4 host keys against Wordfence scanning servers.
[Mar 21 13:54:38:1647870878.942092:2:info] Done examining URLs
[Mar 21 13:54:38:1647870878.940479:2:info] Done host key check.
[Mar 21 13:54:38:1647870878.282376:2:info] Checking 297 host keys against Wordfence scanning servers.
[Mar 21 13:54:38:1647870878.279457:2:info] Examining URLs found in posts we scanned for dangerous websites
[Mar 21 13:54:37:1647870877.747332:2:info] Adding issue: File appears to be malicious or unsafe: wp-content/plugins/restartmembership/views.txt
[Mar 21 13:54:37:1647870877.742376:2:info] Adding issue: File appears to be malicious or unsafe: wp-content/plugins/restartmembership/page4/files/Add-Boot.txt
[Mar 21 13:54:37:1647870877.736881:2:info] Adding issue: File appears to be malicious or unsafe: wp-content/languages/plugins/trackingmyshipment/required/re/redelivery/index3.php
[Mar 21 13:54:37:1647870877.730392:2:info] Adding issue: File appears to be malicious or unsafe: wp-content/languages/plugins/trackingmyshipment/required/re/redelivery/indexre.php
[Mar 21 13:54:37:1647870877.728191:2:info] Done file contents scan
[Mar 21 13:54:37:1647870877.051991:2:info] Done host key check.
[Mar 21 13:54:36:1647870876.207145:2:info] Checking 10028 host keys against Wordfence scanning servers.
[Mar 21 13:54:36:1647870876.094160:2:info] Asking Wordfence to check URLs against malware list.
[Mar 21 13:54:36:1647870876.092381:2:info] Scanned contents of 118837 additional files at 23.38 per second
[Mar 21 13:54:35:1647870875.121428:2:info] Scanned contents of 118806 additional files at 23.38 per second
[Mar 21 13:54:34:1647870874.074931:2:info] Scanned contents of 118771 additional files at 23.38 per second
[Mar 21 13:54:30:1647870870.736488:2:info] Scanned contents of 118763 additional files at 23.39 per second
[Mar 21 13:54:29:1647870869.678606:2:info] Scanned contents of 118736 additional files at 23.39 per second
[Mar 21 13:54:28:1647870868.646853:2:info] Scanned contents of 118710 additional files at 23.39 per second
[Mar 21 13:54:27:1647870867.644590:2:info] Scanned contents of 118678 additional files at 23.39 per second
[Mar 21 13:54:26:1647870866.639016:2:info] Scanned contents of 118652 additional files at 23.39 per second
[Mar 21 13:54:25:1647870865.636278:2:info] Scanned contents of 118614 additional files at 23.39 per second
[Mar 21 13:54:23:1647870863.807007:2:info] Scanned contents of 118595 additional files at 23.39 per second
[Mar 21 13:54:21:1647870861.811455:2:info] Scanned contents of 118583 additional files at 23.40 per second
[Mar 21 13:54:20:1647870860.801576:2:info] Scanned contents of 118550 additional files at 23.40 per second
[Mar 21 1:54:19:1647870859.761921:2:info] Scanned contents of 118511 additional files at 23.40 per second
[Mar 21 13:54:18:1647870858.736917:2:info] Scanned contents of 118478 additional files at 23.39 per second
[Mar 21 13:54:17:1647870857.716887:2:info] Scanned contents of 118447 additional files at 23.39 per second
[Mar 21 13:54:16:1647870856.700008:2:info] Scanned contents of 118410 additional files at 23.39 per second
[Mar 21 13:54:14:1647870854.929180:2:info] Scanned contents of 118405 additional files at 23.40 per second
[Mar 21 13:54:13:1647870853.920818:2:info] Scanned contents of 118367 additional files at 23.39 per second
[Mar 21 13:54:12:1647870852.913916:2:info] Scanned contents of 118341 additional files at 23.39 per second
[Mar 21 13:54:11:1647870851.906840:2:info] Scanned contents of 118302 additional files at 23.39 per second
[Mar 21 13:54:10:1647870850.892622:2:info] Scanned contents of 118268 additional files at 23.39 per second
[Mar 21 13:54:09:1647870849.852440:2:info] Scanned contents of 118239 additional files at 23.39 per second
[Mar 21 13:54:08:1647870848.835026:2:info] Scanned contents of 118206 additional files at 23.39 per second
[Mar 21 13:54:07:1647870847.807480:2:info] Scanned contents of 118175 additional files at 23.38 per second
[Mar 21 13:54:06:1647870846.043215:2:info] Scanned contents of 118157 additional files at 23.39 per second
[Mar 21 13:54:04:1647870844.855396:2:info] Scanned contents of 118136 additional files at 23.39 per second
[Mar 21 13:54:03:1647870843.854398:2:info] Scanned contents of 118091 additional files at 23.39 per second
[Mar 21 13:54:02:1647870842.777531:2:info] Scanned contents of 118081 additional files at 23.39 per second
[Mar 21 13:54:01:1647870841.774689:2:info] Scanned contents of 118040 additional files at 23.39 per second
[Mar 21 13:54:00:1647870840.759585:2:info] Scanned contents of 118002 additional files at 23.38 per second
[Mar 21 13:53:59:1647870839.495954:2:info] Scanned contents of 117968 additional files at 23.38 per second
[Mar 21 13:53:57:1647870837.588652:2:info] Scanned contents of 117958 additional files at 23.39 per second
[Mar 21 13:53:56:1647870836.572215:2:info] Scanned contents of 117916 additional files at 23.39 per second
[Mar 21 13:53:55:1647870835.490599:2:info] Scanned contents of 117872 additional files at 23.38 per second
[Mar 21 13:53:54:1647870834.483248:2:info] Scanned contents of 117836 additional files at 23.38 per second
[Mar 21 13:53:53:1647870833.441437:2:info] Scanned contents of 117820 additional files at 23.38 per second
[Mar 21 13:53:52:1647870832.393922:2:info] Scanned contents of 117789 additional files at 23.38 per second
[Mar 21 13:53:51:1647870831.367579:2:info] Scanned contents of 117761 additional files at 23.38 per second
[Mar 21 13:53:50:1647870830.353548:2:info] Scanned contents of 117720 additional files at 23.38 per second
[Mar 21 13:53:49:1647870829.302142:2:info] Scanned contents of 117705 additional files at 23.38 per second
[Mar 21 13:53:48:1647870828.254737:2:info] Scanned contents of 117695 additional files at 23.38 per second
[Mar 21 13:53:47:1647870827.251274:2:info] Scanned contents of 117662 additional files at 23.38 per second
[Mar 21 13:53:46:1647870826.238374:2:info] Scanned contents of 117631 additional files at 23.38 per second
[Mar 21 13:53:45:1647870825.217449:2:info] Scanned contents of 117602 additional files at 23.38 per second
[Mar 21 13:53:44:1647870824.211856:2:info] Scanned contents of 117574 additional files at 23.37 per second
[Mar 21 13:53:43:1647870823.050112:2:info] Scanned contents of 117552 additional files at 23.38 per second
[Mar 21 13:53:40:1647870820.903453:2:info] Scanned contents of 117548 additional files at 23.38 per second
[Mar 21 13:53:39:1647870819.877406:2:info] Scanned contents of 117519 additional files at 23.38 per second
[Mar 21 13:53:38:1647870818.863810:2:info] Scanned contents of 117490 additional files at 23.38 per second
[Mar 21 13:53:37:1647870817.823169:2:info] Scanned contents of 117459 additional files at 23.38 per second
[Mar 21 13:53:36:1647870816.812572:2:info] Scanned contents of 117435 additional files at 23.38 per second
[Mar 21 13:53:35:1647870815.781414:2:info] Scanned contents of 117394 additional files at 23.38 per second
[Mar 21 13:53:34:1647870814.711230:2:info] Scanned contents of 117371 additional files at 23.38 per second
[Mar 21 13:53:33:1647870813.571819:2:info] Scanned contents of 117348 additional files at 23.38 per second
[Mar 21 13:53:32:1647870812.568511:2:info] Scanned contents of 117322 additional files at 23.38 per second
[Mar 21 13:53:31:1647870811.549668:2:info] Scanned contents of 117303 additional files at 23.38 per second
[Mar 21 13:53:30:1647870810.546687:2:info] Scanned contents of 117274 additional files at 23.38 per second
[Mar 21 13:53:29:1647870809.499080:2:info] Scanned contents of 117246 additional files at 23.38 per second
[Mar 21 13:53:28:1647870808.488847:2:info] Scanned contents of 117222 additional files at 23.38 per second
[Mar 21 13:53:27:1647870807.058138:2:info] Scanned contents of 117193 additional files at 23.38 per second
[Mar 21 13:53:26:1647870806.050899:2:info] Scanned contents of 117165 additional files at 23.38 per second
[Mar 21 13:53:23:1647870803.591098:2:info] Scanned contents of 117154 additional files at 23.39 per second
[Mar 21 13:53:22:1647870802.571255:2:info] Scanned contents of 117127 additional files at 23.39 per second
[Mar 21 13:53:21:1647870801.558765:2:info] Scanned contents of 117109 additional files at 23.39 per second
[Mar 21 13:53:20:1647870800.307242:2:info] Scanned contents of 117070 additional files at 23.39 per second
[Mar 21 13:53:19:1647870799.285745:2:info] Scanned contents of 117033 additional files at 23.38 per second
[Mar 21 13:53:18:1647870798.278128:2:info] Scanned contents of 116997 additional files at 23.38 per second
[Mar 21 13:53:17:1647870797.275288:2:info] Scanned contents of 116975 additional files at 23.38 per second
[Mar 21 13:53:16:1647870796.161264:2:info] Scanned contents of 116949 additional files at 23.38 per second
[Mar 21 13:53:15:1647870795.150571:2:info] Scanned contents of 116936 additional files at 23.38 per second
[Mar 21 13:53:13:1647870793.694805:2:info] Scanned contents of 116906 additional files at 23.38 per second
[Mar 21 13:53:12:1647870792.689681:2:info] Scanned contents of 116872 additional files at 23.38 per second
[Mar 21 13:53:11:1647870791.689138:2:info] Scanned contents of 116846 additional files at 23.38 per second
[Mar 21 13:53:10:1647870790.606955:2:info] Scanned contents of 116815 additional files at 23.38 per second
[Mar 21 13:53:09:1647870789.588324:2:info] Scanned contents of 116798 additional files at 23.38 per second
[Mar 21 13:53:08:1647870788.569533:2:info] Scanned contents of 116771 additional files at 23.38 per second
[Mar 21 13:53:05:1647870785.134878:2:info] Scanned contents of 116759 additional files at 23.39 per second
[Mar 21 13:53:04:1647870784.064117:2:info] Scanned contents of 116733 additional files at 23.39 per second
[Mar 21 13:53:03:1647870783.045591:2:info] Scanned contents of 116703 additional files at 23.39 per second
[Mar 21 13:53:01:1647870781.963718:2:info] Scanned contents of 116684 additional files at 23.39 per second
[Mar 21 13:53:00:1647870780.940072:2:info] Scanned contents of 116653 additional files at 23.39 per second
[Mar 21 13:52:59:1647870779.858839:2:info] Scanned contents of 116626 additional files at 23.39 per second
[Mar 21 13:52:58:1647870778.825855:2:info] Scanned contents of 116593 additional files at 23.39 per second
[Mar 21 13:52:57:1647870777.822826:2:info] Scanned contents of 116559 additional files at 23.39 per second
[Mar 21 13:52:56:1647870776.313044:2:info] Scanned contents of 116533 additional files at 23.39 per second
[Mar 21 13:52:55:1647870775.249447:2:info] Scanned contents of 116504 additional files at 23.39 per second
[Mar 21 13:52:54:1647870774.224492:2:info] Scanned contents of 116471 additional files at 23.39 per second
[Mar 21 13:52:52:1647870772.660218:2:info] Scanned contents of 116457 additional files at 23.39 per second
[Mar 21 13:52:51:1647870771.629610:2:info] Scanned contents of 116433 additional files at 23.39 per second
[Mar 21 13:52:49:1647870769.755623:2:info] Scanned contents of 116425 additional files at 23.40 per second
[Mar 21 13:52:48:1647870768.736875:2:info] Scanned contents of 116392 additional files at 23.40 per second
[Mar 21 13:52:47:1647870767.692322:2:info] Scanned contents of 116367 additional files at 23.40 per second
[Mar 21 13:52:46:1647870766.059353:2:info] Scanned contents of 116346 additional files at 23.40 per second
[Mar 21 13:52:44:1647870764.804821:2:info] Scanned contents of 116328 additional files at 23.40 per second
[Mar 21 13:52:42:1647870762.855905:2:info] Scanned contents of 116315 additional files at 23.41 per second
[Mar 21 13:52:41:1647870761.687406:2:info] Scanned contents of 116292 additional files at 23.41 per second
[Mar 21 13:52:40:1647870760.679839:2:info] Scanned contents of 116261 additional files at 23.41 per second
[Mar 21 13:52:39:1647870759.622432:2:info] Scanned contents of 116237 additional files at 23.41 per second
[Mar 21 13:52:38:1647870758.610771:2:info] Scanned contents of 116210 additional files at 23.41 per second
[Mar 21 13:52:37:1647870757.070781:2:info] Scanned contents of 116179 additional files at 23.41 per second
[Mar 21 13:52:34:1647870754.907221:2:info] Scanned contents of 116165 additional files at 23.42 per second
[Mar 21 13:52:32:1647870752.893274:2:info] Scanned contents of 116163 additional files at 23.43 per second
[Mar 21 13:52:31:1647870751.892341:2:info] Scanned contents of 116143 additional files at 23.43 per second
[Mar 21 13:52:30:1647870750.819114:2:info] Scanned contents of 116119 additional files at 23.43 per second
[Mar 21 13:52:29:1647870749.808978:2:info] Scanned contents of 116094 additional files at 23.43 per second
[Mar 21 13:52:28:1647870748.308090:2:info] Scanned contents of 116065 additional files at 23.43 per second
[Mar 21 13:52:27:1647870747.290786:2:info] Scanned contents of 116035 additional files at 23.43 per second
[Mar 21 13:52:26:1647870746.280054:2:info] Scanned contents of 115997 additional files at 23.42 per second
[Mar 21 13:52:25:1647870745.266709:2:info] Scanned contents of 115969 additional files at 23.42 per second
[Mar 21 13:52:24:1647870744.262997:2:info] Scanned contents of 115934 additional files at 23.42 per second
[Mar 21 13:52:23:1647870743.153820:2:info] Scanned contents of 115927 additional files at 23.42 per second
[Mar 21 13:52:22:1647870742.131955:2:info] Scanned contents of 115901 additional files at 23.42 per second
[Mar 21 13:52:21:1647870741.115708:2:info] Scanned contents of 115878 additional files at 23.42 per second
[Mar 21 13:52:20:1647870740.110373:2:info] Scanned contents of 115841 additional files at 23.42 per second
[Mar 21 13:52:19:1647870739.107762:2:info] Scanned contents of 115808 additional files at 23.42 per second
[Mar 21 13:52:18:1647870738.102962:2:info] Scanned contents of 115782 additional files at 23.42 per second
[Mar 21 13:52:15:1647870735.405755:2:info] Scanned contents of 115763 additional files at 23.43 per second
[Mar 21 13:52:14:1647870734.356074:2:info] Scanned contents of 115727 additional files at 23.43 per second
[Mar 21 13:52:13:1647870733.349373:2:info] Scanned contents of 115690 additional files at 23.42 per second
[Mar 21 13:52:11:1647870731.369447:2:info] Scanned contents of 115686 additional files at 23.43 per second
[Mar 21 13:52:10:1647870730.362758:2:info] Scanned contents of 115653 additional files at 23.43 per second
[Mar 21 13:52:09:1647870729.350520:2:info] Scanned contents of 115622 additional files at 23.43 per second
[Mar 21 13:52:08:1647870728.121507:2:info] Scanned contents of 115594 additional files at 23.43 per second
[Mar 21 13:52:06:1647870726.945813:2:info] Scanned contents of 115555 additional files at 23.43 per second
[Mar 21 13:52:05:1647870725.933228:2:info] Scanned contents of 115524 additional files at 23.42 per second
[Mar 21 13:52:04:1647870724.750488:2:info] Scanned contents of 115511 additional files at 23.43 per second
[Mar 21 13:52:03:1647870723.736113:2:info] Scanned contents of 115481 additional files at 23.43 per second
[Mar 21 13:52:02:1647870722.716166:2:info] Scanned contents of 115454 additional files at 23.43 per second
[Mar 21 13:52:01:1647870721.662400:2:info] Scanned contents of 115422 additional files at 23.42 per second
[Mar 21 13:52:00:1647870720.651450:2:info] Scanned contents of 115388 additional files at 23.42 per second
[Mar 21 13:51:58:1647870718.777554:2:info] Scanned contents of 115379 additional files at 23.43 per second
[Mar 21 13:51:57:1647870717.753177:2:info] Scanned contents of 115355 additional files at 23.43 per second
[Mar 21 13:51:56:1647870716.751681:2:info] Scanned contents of 115340 additional files at 23.43 per second
[Mar 21 13:51:55:1647870715.738043:2:info] Scanned contents of 115307 additional files at 23.43 per second
[Mar 21 13:51:54:1647870714.737389:2:info] Scanned contents of 115274 additional files at 23.43 per second
[Mar 21 13:51:53:1647870713.665067:2:info] Scanned contents of 115258 additional files at 23.43 per second
[Mar 21 13:51:52:1647870712.656796:2:info] Scanned contents of 115234 additional files at 23.43 per second
[Mar 21 13:51:51:1647870711.233933:2:info] Scanned contents of 115205 additional files at 23.43 per second
[Mar 21 13:51:50:1647870710.107279:2:info] Scanned contents of 115169 additional files at 23.43 per second
[Mar 21 13:51:49:1647870709.094263:2:info] Scanned contents of 115140 additional files at 23.43 per second
[Mar 21 13:51:48:1647870708.088176:2:info] Scanned contents of 115114 additional files at 23.43 per second
[Mar 21 13:51:47:1647870707.012324:2:info] Scanned contents of 115081 additional files at 23.42 per second
[Mar 21 13:51:45:1647870705.985426:2:info] Scanned contents of 115047 additional files at 23.42 per second
[Mar 21 13:51:44:1647870704.955278:2:info] Scanned contents of 115004 additional files at 23.42 per second
[Mar 21 13:51:43:1647870703.947297:2:info] Scanned contents of 114971 additional files at 23.42 per second
[Mar 21 13:51:41:1647870701.052264:2:info] Scanned contents of 114959 additional files at 23.43 per second
[Mar 21 13:51:40:1647870700.040136:2:info] Scanned contents of 114920 additional files at 23.43 per second
[Mar 21 13:51:39:1647870699.033587:2:info] Scanned contents of 114886 additional files at 23.42 per second
[Mar 21 13:51:37:1647870697.550497:2:info] Scanned contents of 114864 additional files at 23.43 per second
[Mar 21 13:51:36:1647870696.544890:2:info] Scanned contents of 114834 additional files at 23.42 per second
[Mar 21 13:51:35:1647870695.533836:2:info] Scanned contents of 114801 additional files at 23.42 per second
[Mar 21 13:51:34:1647870694.519276:2:info] Scanned contents of 114766 additional files at 23.42 per second
[Mar 21 13:51:33:1647870693.507050:2:info] Scanned contents of 114729 additional files at 23.42 per second
[Mar 21 13:51:32:1647870692.495559:2:info] Scanned contents of 114714 additional files at 23.42 per second
[Mar 21 13:51:31:1647870691.228462:2:info] Scanned contents of 114694 additional files at 23.42 per second
[Mar 21 13:51:30:1647870690.220445:2:info] Scanned contents of 114653 additional files at 23.42 per second
[Mar 21 13:51:29:1647870689.084936:2:info] Scanned contents of 114633 additional files at 23.42 per second
[Mar 21 13:51:28:1647870688.046435:2:info] Scanned contents of 114601 additional files at 23.42 per second
[Mar 21 13:51:27:1647870687.039867:2:info] Scanned contents of 114573 additional files at 23.42 per second
[Mar 21 13:51:24:1647870684.847519:2:info] Scanned contents of 114567 additional files at 23.43 per second
[Mar 21 13:51:23:1647870683.835790:2:info] Scanned contents of 114534 additional files at 23.42 per second
[Mar 21 13:51:22:1647870682.731661:2:info] Scanned contents of 114514 additional files at 23.43 per second
[Mar 21 13:51:21:1647870681.728135:2:info] Scanned contents of 114496 additional files at 23.43 per second
[Mar 21 13:51:20:1647870680.725558:2:info] Scanned contents of 114475 additional files at 23.43 per second
[Mar 21 13:51:19:1647870679.716990:2:info] Scanned contents of 114441 additional files at 23.42 per second
[Mar 21 13:51:18:1647870678.702949:2:info] Scanned contents of 114416 additional files at 23.42 per second
[Mar 21 13:51:16:1647870676.974461:2:info] Scanned contents of 114392 additional files at 23.43 per second
[Mar 21 13:51:15:1647870675.938735:2:info] Scanned contents of 114375 additional files at 23.43 per second
[Mar 21 13:51:14:1647870674.912965:2:info] Scanned contents of 114347 additional files at 23.43 per second
[Mar 21 13:51:13:1647870673.899915:2:info] Scanned contents of 114319 additional files at 23.43 per second
[Mar 21 13:51:12:1647870672.873017:2:info] Scanned contents of 114276 additional files at 23.42 per second
[Mar 21 13:51:11:1647870671.865928:2:info] Scanned contents of 114240 additional files at 23.42 per second
[Mar 21 13:51:10:1647870670.863544:2:info] Scanned contents of 114214 additional files at 23.42 per second
[Mar 21 13:51:09:1647870669.816814:2:info] Scanned contents of 114190 additional files at 23.42 per second
[Mar 21 13:51:07:1647870667.089855:2:info] Scanned contents of 114161 additional files at 23.43 per second
[Mar 21 13:51:06:1647870666.077212:2:info] Scanned contents of 114125 additional files at 23.43 per second
[Mar 21 13:51:05:1647870665.014807:2:info] Scanned contents of 114095 additional files at 23.42 per second
[Mar 21 13:51:04:1647870664.001414:2:info] Scanned contents of 114069 additional files at 23.42 per second
[Mar 21 13:51:02:1647870662.982790:2:info] Scanned contents of 114048 additional files at 23.42 per second
[Mar 21 13:51:01:1647870661.968207:2:info] Scanned contents of 114033 additional files at 23.43 per second
[Mar 21 13:51:00:1647870660.960143:2:info] Scanned contents of 113997 additional files at 23.42 per second
[Mar 21 13:50:59:1647870659.951422:2:info] Scanned contents of 113971 additional files at 23.42 per second
[Mar 21 13:50:58:1647870658.949070:2:info] Scanned contents of 113939 additional files at 23.42 per second
[Mar 21 13:50:57:1647870657.931428:2:info] Scanned contents of 113899 additional files at 23.42 per second
[Mar 21 13:50:56:1647870656.912140:2:info] Scanned contents of 113874 additional files at 23.42 per second
[Mar 21 13:50:55:1647870655.903592:2:info] Scanned contents of 113841 additional files at 23.42 per second
[Mar 21 13:50:54:1647870654.746465:2:info] Scanned contents of 113825 additional files at 23.42 per second
[Mar 21 13:50:53:1647870653.703066:2:info] Scanned contents of 113791 additional files at 23.42 per second
[Mar 21 13:50:52:1647870652.654235:2:info] Scanned contents of 113772 additional files at 23.42 per second
[Mar 21 13:50:50:1647870650.492963:2:info] Scanned contents of 113759 additional files at 23.43 per second
[Mar 21 13:50:49:1647870649.470083:2:info] Scanned contents of 113721 additional files at 23.42 per second
[Mar 21 13:50:48:1647870648.442892:2:info] Scanned contents of 113697 additional files at 23.42 per second
[Mar 21 13:50:46:1647870646.319584:2:info] Scanned contents of 113666 additional files at 23.43 per second
[Mar 21 13:50:45:1647870645.302861:2:info] Scanned contents of 113634 additional files at 23.42 per second
[Mar 21 13:50:44:1647870644.285130:2:info] Scanned contents of 113591 additional files at 23.42 per second
[Mar 21 13:50:43:1647870643.270237:2:info] Scanned contents of 113570 additional files at 23.42 per second
[Mar 21 13:50:42:1647870642.262223:2:info] Scanned contents of 113533 additional files at 23.42 per second
[Mar 21 13:50:41:1647870641.252655:2:info] Scanned contents of 113517 additional files at 23.42 per second
[Mar 21 13:50:40:1647870640.245676:2:info] Scanned contents of 113481 additional files at 23.42 per second
[Mar 21 13:50:39:1647870639.237613:2:info] Scanned contents of 113449 additional files at 23.42 per second
[Mar 21 13:50:38:1647870638.131675:2:info] Scanned contents of 113428 additional files at 23.42 per second
[Mar 21 13:50:37:1647870637.129291:2:info] Scanned contents of 113389 additional files at 23.41 per second
[Mar 21 13:50:36:1647870636.119577:2:info] Scanned contents of 113370 additional files at 23.41 per second
[Mar 21 13:50:33:1647870633.825907:2:info] Scanned contents of 113364 additional files at 23.42 per second
[Mar 21 13:50:32:1647870632.792577:2:info] Scanned contents of 113339 additional files at 23.42 per second
[Mar 21 13:50:31:1647870631.783970:2:info] Scanned contents of 113313 additional files at 23.42 per second
[Mar 21 13:50:30:1647870630.744368:2:info] Scanned contents of 113285 additional files at 23.42 per second
[Mar 21 13:50:29:1647870629.737963:2:info] Scanned contents of 113256 additional files at 23.42 per second
[Mar 21 13:50:28:1647870628.732621:2:info] Scanned contents of 113233 additional files at 23.42 per second
[Mar 21 13:50:27:1647870627.725057:2:info] Scanned contents of 113198 additional files at 23.42 per second
[Mar 21 13:50:26:1647870626.666680:2:info] Scanned contents of 113159 additional files at 23.42 per second
[Mar 21 13:50:25:1647870625.425663:2:info] Scanned contents of 113150 additional files at 23.42 per second
[Mar 21 13:50:24:1647870624.296128:2:info] Scanned contents of 113126 additional files at 23.42 per second
[Mar 21 13:50:23:1647870623.245875:2:info] Scanned contents of 113089 additional files at 23.42 per second
[Mar 21 13:50:22:1647870622.182601:2:info] Scanned contents of 113059 additional files at 23.42 per second
[Mar 21 13:50:21:1647870621.176651:2:info] Scanned contents of 113027 additional files at 23.42 per second
[Mar 21 13:50:20:1647870620.164833:2:info] Scanned contents of 113001 additional files at 23.42 per second
[Mar 21 13:50:19:1647870619.151827:2:info] Scanned contents of 112965 additional files at 23.41 per second
[Mar 21 13:50:16:1647870616.292948:2:info] Scanned contents of 112945 additional files at 23.42 per second
[Mar 21 13:50:15:1647870615.286764:2:info] Scanned contents of 112926 additional files at 23.42 per second
[Mar 21 13:50:14:1647870614.286398:2:info] Scanned contents of 112898 additional files at 23.42 per second
[Mar 21 13:50:13:1647870613.204628:2:info] Scanned contents of 112884 additional files at 23.43 per second
[Mar 21 13:50:12:1647870612.192952:2:info] Scanned contents of 112861 additional files at 23.43 per second
[Mar 21 13:50:11:1647870611.176608:2:info] Scanned contents of 112825 additional files at 23.42 per second
[Mar 21 13:50:10:1647870610.161874:2:info] Scanned contents of 112804 additional files at 23.42 per second
[Mar 21 13:50:09:1647870609.123614:2:info] Scanned contents of 112794 additional files at 23.43 per second
[Mar 21 13:50:07:1647870607.744590:2:info] Scanned contents of 112776 additional files at 23.43 per second
[Mar 21 13:50:06:1647870606.718565:2:info] Scanned contents of 112744 additional files at 23.43 per second
[Mar 21 13:50:05:1647870605.703875:2:info] Scanned contents of 112716 additional files at 23.43 per second
[Mar 21 13:50:04:1647870604.694281:2:info] Scanned contents of 112701 additional files at 23.43 per second
[Mar 21 13:50:03:1647870603.677030:2:info] Scanned contents of 112662 additional files at 23.43 per second
[Mar 21 13:49:59:1647870599.584351:2:info] Scanned contents of 112648 additional files at 23.44 per second
[Mar 21 13:49:58:1647870598.512632:2:info] Scanned contents of 112624 additional files at 23.44 per second
[Mar 21 13:49:57:1647870597.331208:2:info] Scanned contents of 112595 additional files at 23.44 per second
[Mar 21 13:49:56:1647870596.310632:2:info] Scanned contents of 112558 additional files at 23.44 per second
[Mar 21 13:49:55:1647870595.302866:2:info] Scanned contents of 112528 additional files at 23.44 per second
[Mar 21 13:49:54:1647870594.286176:2:info] Scanned contents of 112489 additional files at 23.44 per second
[Mar 21 13:49:53:1647870593.190103:2:info] Scanned contents of 112458 additional files at 23.43 per second
[Mar 21 13:49:52:1647870592.173970:2:info] Scanned contents of 112438 additional files at 23.43 per second
[Mar 21 13:49:51:1647870591.171784:2:info] Scanned contents of 112413 additional files at 23.43 per second
[Mar 21 13:49:50:1647870590.122192:2:info] Scanned contents of 112378 additional files at 23.43 per second
[Mar 21 13:49:49:1647870589.121775:2:info] Scanned contents of 112349 additional files at 23.43 per second
[Mar 21 13:49:48:1647870588.072509:2:info] Scanned contents of 112307 additional files at 23.43 per second
[Mar 21 13:49:46:1647870586.922502:2:info] Scanned contents of 112273 additional files at 23.43 per second
[Mar 21 13:49:45:1647870585.917472:2:info] Scanned contents of 112240 additional files at 23.42 per second
[Mar 21 13:49:44:1647870584.905612:2:info] Scanned contents of 112207 additional files at 23.42 per second
[Mar 21 13:49:41:1647870581.976979:2:info] Scanned contents of 112205 additional files at 23.44 per second
[Mar 21 13:49:40:1647870580.970517:2:info] Scanned contents of 112172 additional files at 23.43 per second
[Mar 21 13:49:39:1647870579.920842:2:info] Scanned contents of 112139 additional files at 23.43 per second
[Mar 21 13:49:38:1647870578.909127:2:info] Scanned contents of 112122 additional files at 23.43 per second
[Mar 21 13:49:37:1647870577.888245:2:info] Scanned contents of 112098 additional files at 23.43 per second
[Mar 21 13:49:36:1647870576.717087:2:info] Scanned contents of 112058 additional files at 23.43 per second
[Mar 21 13:49:35:1647870575.710022:2:info] Scanned contents of 112039 additional files at 23.43 per second
[Mar 21 13:49:34:1647870574.685775:2:info] Scanned contents of 112024 additional files at 23.43 per second
[Mar 21 13:49:33:1647870573.609538:2:info] Scanned contents of 111987 additional files at 23.43 per second
[Mar 21 13:49:32:1647870572.572690:2:info] Scanned contents of 111947 additional files at 23.43 per second
[Mar 21 13:49:31:1647870571.572515:2:info] Scanned contents of 111916 additional files at 23.43 per second
[Mar 21 13:49:30:1647870570.529892:2:info] Scanned contents of 111885 additional files at 23.43 per second
[Mar 21 13:49:29:1647870569.499922:2:info] Scanned contents of 111852 additional files at 23.42 per second
[Mar 21 13:49:28:1647870568.377269:2:info] Scanned contents of 111821 additional files at 23.42 per second
[Mar 21 13:49:27:1647870567.307923:2:info] Scanned contents of 111780 additional files at 23.42 per second
[Mar 21 13:49:23:1647870563.875797:2:info] Scanned contents of 111759 additional files at 23.43 per second
[Mar 21 13:49:22:1647870562.866973:2:info] Scanned contents of 111738 additional files at 23.43 per second
[Mar 21 13:49:21:1647870561.857851:2:info] Scanned contents of 111706 additional files at 23.43 per second
[Mar 21 13:49:20:1647870560.825850:2:info] Scanned contents of 111675 additional files at 23.43 per second
[Mar 21 13:49:19:1647870559.795153:2:info] Scanned contents of 111648 additional files at 23.43 per second
[Mar 21 13:49:18:1647870558.725702:2:info] Scanned contents of 111624 additional files at 23.43 per second
[Mar 21 13:49:17:1647870557.636096:2:info] Scanned contents of 111588 additional files at 23.43 per second
[Mar 21 13:49:16:1647870556.586889:2:info] Scanned contents of 111558 additional files at 23.43 per second
[Mar 21 13:49:15:1647870555.537134:2:info] Scanned contents of 111529 additional files at 23.42 per second
[Mar 21 13:49:14:1647870554.429003:2:info] Scanned contents of 111501 additional files at 23.42 per second
[Mar 21 13:49:13:1647870553.408319:2:info] Scanned contents of 111478 additional files at 23.42 per second
[Mar 21 13:49:12:1647870552.390969:2:info] Scanned contents of 111442 additional files at 23.42 per second
[Mar 21 13:49:11:1647870551.366985:2:info] Scanned contents of 111414 additional files at 23.42 per second
[Mar 21 13:49:10:1647870550.223329:2:info] Scanned contents of 111385 additional files at 23.42 per second
[Mar 21 13:49:06:1647870546.908511:2:info] Scanned contents of 111360 additional files at 23.43 per second
[Mar 21 13:49:05:1647870545.877751:2:info] Scanned contents of 111330 additional files at 23.43 per second
[Mar 21 13:49:04:1647870544.864238:2:info] Scanned contents of 111294 additional files at 23.43 per second
[Mar 21 13:49:03:1647870543.795289:2:info] Scanned contents of 111263 additional files at 23.43 per second
[Mar 21 13:49:02:1647870542.716407:2:info] Scanned contents of 111236 additional files at 23.43 per second
[Mar 21 13:49:01:1647870541.264240:2:info] Scanned contents of 111217 additional files at 23.43 per second
[Mar 21 13:48:59:1647870539.978780:2:info] Scanned contents of 111198 additional files at 23.43 per second
[Mar 21 13:48:58:1647870538.939827:2:info] Scanned contents of 111166 additional files at 23.43 per second
[Mar 21 13:48:57:1647870537.920696:2:info] Scanned contents of 111125 additional files at 23.43 per second
[Mar 21 13:48:56:1647870536.917982:2:info] Scanned contents of 111091 additional files at 23.42 per second
[Mar 21 13:48:55:1647870535.900010:2:info] Scanned contents of 111062 additional files at 23.42 per second
[Mar 21 13:48:54:1647870534.823346:2:info] Scanned contents of 111032 additional files at 23.42 per second
[Mar 21 13:48:53:1647870533.821537:2:info] Scanned contents of 111000 additional files at 23.42 per second
[Mar 21 13:48:52:1647870532.747426:2:info] Scanned contents of 110977 additional files at 23.42 per second
[Mar 21 13:48:50:1647870530.972894:2:info] Scanned contents of 110976 additional files at 23.43 per second
[Mar 21 13:48:49:1647870529.966714:2:info] Scanned contents of 110952 additional files at 23.43 per second
[Mar 21 13:48:47:1647870527.866866:2:info] Scanned contents of 110928 additional files at 23.43 per second
[Mar 21 13:48:46:1647870526.862746:2:info] Scanned contents of 110898 additional files at 23.43 per second
[Mar 21 13:48:45:1647870525.848896:2:info] Scanned contents of 110863 additional files at 23.43 per second
[Mar 21 13:48:44:1647870524.555113:2:info] Scanned contents of 110840 additional files at 23.43 per second
[Mar 21 13:48:43:1647870523.553780:2:info] Scanned contents of 110809 additional files at 23.43 per second
[Mar 21 13:48:42:1647870522.484849:2:info] Scanned contents of 110793 additional files at 23.43 per second
[Mar 21 13:48:41:1647870521.272575:2:info] Scanned contents of 110773 additional files at 23.43 per second
[Mar 21 13:48:40:1647870520.205846:2:info] Scanned contents of 110764 additional files at 23.44 per second
[Mar 21 13:48:39:1647870519.176967:2:info] Scanned contents of 110752 additional files at 23.44 per second
[Mar 21 13:48:38:1647870518.167323:2:info] Scanned contents of 110720 additional files at 23.44 per second
[Mar 21 13:48:35:1647870515.965289:2:info] Scanned contents of 110691 additional files at 23.44 per second
[Mar 21 13:48:33:1647870513.181942:2:info] Scanned contents of 110665 additional files at 23.45 per second
[Mar 21 13:48:31:1647870511.599993:2:info] Scanned contents of 110619 additional files at 23.45 per second
[Mar 21 13:48:30:1647870510.590875:2:info] Scanned contents of 110586 additional files at 23.45 per second
[Mar 21 13:48:29:1647870509.584946:2:info] Scanned contents of 110563 additional files at 23.45 per second
[Mar 21 13:48:28:1647870508.562774:2:info] Scanned contents of 110534 additional files at 23.45 per second
[Mar 21 13:48:27:1647870507.267045:2:info] Scanned contents of 110526 additional files at 23.45 per second
[Mar 21 13:48:25:1647870505.879611:2:info] Scanned contents of 110490 additional files at 23.45 per second
[Mar 21 13:48:24:1647870504.862957:2:info] Scanned contents of 110459 additional files at 23.45 per second
[Mar 21 13:48:23:1647870503.860990:2:info] Scanned contents of 110433 additional files at 23.45 per second
[Mar 21 13:48:22:1647870502.853633:2:info] Scanned contents of 110416 additional files at 23.45 per second
[Mar 21 13:48:21:1647870501.672270:2:info] Scanned contents of 110385 additional files at 23.45 per second
[Mar 21 13:48:20:1647870500.475981:2:info] Scanned contents of 110362 additional files at 23.45 per second
[Mar 21 13:48:16:1647870496.255005:2:info] Scanned contents of 110339 additional files at 23.47 per second
[Mar 21 13:48:15:1647870495.254935:2:info] Scanned contents of 110308 additional files at 23.46 per second
[Mar 21 13:48:14:1647870494.229028:2:info] Scanned contents of 110284 additional files at 23.46 per second
[Mar 21 13:48:13:1647870493.131274:2:info] Scanned contents of 110260 additional files at 23.47 per second
[Mar 21 13:48:12:1647870492.094250:2:info] Scanned contents of 110222 additional files at 23.46 per second
[Mar 21 13:48:11:1647870491.074358:2:info] Scanned contents of 110199 additional files at 23.46 per second
[Mar 21 13:48:10:1647870490.064967:2:info] Scanned contents of 110188 additional files at 23.47 per second
[Mar 21 13:48:09:1647870489.055201:2:info] Scanned contents of 110153 additional files at 23.46 per second
[Mar 21 13:48:08:1647870488.042674:2:info] Scanned contents of 110128 additional files at 23.46 per second
[Mar 21 13:48:07:1647870487.018735:2:info] Scanned contents of 110103 additional files at 23.46 per second
[Mar 21 13:48:06:1647870486.006753:2:info] Scanned contents of 110065 additional files at 23.46 per second
[Mar 21 13:48:04:1647870484.874429:2:info] Scanned contents of 110043 additional files at 23.46 per second
[Mar 21 13:48:03:1647870483.855984:2:info] Scanned contents of 110034 additional files at 23.46 per second
[Mar 21 13:48:02:1647870482.801098:2:info] Scanned contents of 109998 additional files at 23.46 per second
[Mar 21 13:48:01:1647870481.786694:2:info] Scanned contents of 109972 additional files at 23.46 per second
[Mar 21 13:47:59:1647870479.228112:2:info] Scanned contents of 109942 additional files at 23.47 per second
[Mar 21 13:47:57:1647870477.455785:2:info] Scanned contents of 109925 additional files at 23.47 per second
[Mar 21 13:47:56:1647870476.442073:2:info] Scanned contents of 109890 additional files at 23.47 per second
[Mar 21 13:47:54:1647870474.967034:2:info] Scanned contents of 109865 additional files at 23.47 per second
[Mar 21 13:47:53:1647870473.955330:2:info] Scanned contents of 109839 additional files at 23.47 per second
[Mar 21 13:47:52:1647870472.937261:2:info] Scanned contents of 109812 additional files at 23.47 per second
[Mar 21 13:47:51:1647870471.934136:2:info] Scanned contents of 109783 additional files at 23.47 per second
[Mar 21 13:47:50:1647870470.921000:2:info] Scanned contents of 109750 additional files at 23.47 per second
[Mar 21 13:47:49:1647870469.904834:2:info] Scanned contents of 109717 additional files at 23.47 per second
[Mar 21 13:47:48:1647870468.876787:2:info] Scanned contents of 109686 additional files at 23.46 per second
[Mar 21 13:47:47:1647870467.786260:2:info] Scanned contents of 109665 additional files at 23.47 per second
[Mar 21 13:47:45:1647870465.824910:2:info] Scanned contents of 109641 additional files at 23.47 per second
[Mar 21 13:47:44:1647870464.797858:2:info] Scanned contents of 109613 additional files at 23.47 per second
[Mar 21 13:47:42:1647870462.833634:2:info] Scanned contents of 109608 additional files at 23.48 per second
[Mar 21 13:47:41:1647870461.827986:2:info] Scanned contents of 109575 additional files at 23.48 per second
[Mar 21 13:47:40:1647870460.819009:2:info] Scanned contents of 109531 additional files at 23.47 per second
[Mar 21 13:47:39:1647870459.812121:2:info] Scanned contents of 109497 additional files at 23.47 per second
[Mar 21 13:47:38:1647870458.783595:2:info] Scanned contents of 109468 additional files at 23.47 per second
[Mar 21 13:47:37:1647870457.778577:2:info] Scanned contents of 109434 additional files at 23.47 per second
[Mar 21 13:47:36:1647870456.410898:2:info] Scanned contents of 109422 additional files at 23.47 per second
[Mar 21 13:47:35:1647870455.396839:2:info] Scanned contents of 109393 additional files at 23.47 per second
[Mar 21 13:47:34:1647870454.206095:2:info] Scanned contents of 109374 additional files at 23.47 per second
[Mar 21 13:47:33:1647870453.200485:2:info] Scanned contents of 109361 additional files at 23.47 per second
[Mar 21 13:47:32:1647870452.181532:2:info] Scanned contents of 109347 additional files at 23.48 per second
[Mar 21 13:47:31:1647870451.082246:2:info] Scanned contents of 109317 additional files at 23.47 per second
[Mar 21 13:47:29:1647870449.445297:2:info] Scanned contents of 109284 additional files at 23.48 per second
[Mar 21 13:47:28:1647870448.407285:2:info] Scanned contents of 109256 additional files at 23.47 per second
[Mar 21 13:47:27:1647870447.392569:2:info] Scanned contents of 109218 additional files at 23.47 per second
[Mar 21 13:47:24:1647870444.339727:2:info] Scanned contents of 109196 additional files at 23.48 per second
[Mar 21 13:47:23:1647870443.328202:2:info] Scanned contents of 109168 additional files at 23.48 per second
[Mar 21 13:47:22:1647870442.306411:2:info] Scanned contents of 109152 additional files at 23.48 per second
[Mar 21 13:47:21:1647870441.285507:2:info] Scanned contents of 109125 additional files at 23.48 per second
[Mar 21 13:47:20:1647870440.024070:2:info] Scanned contents of 109108 additional files at 23.49 per second
[Mar 21 13:47:19:1647870439.017398:2:info] Scanned contents of 109072 additional files at 23.48 per second
[Mar 21 13:47:17:1647870437.977480:2:info] Scanned contents of 109044 additional files at 23.48 per second
[Mar 21 13:47:16:1647870436.247000:2:info] Scanned contents of 109024 additional files at 23.49 per second
[Mar 21 13:47:15:1647870435.226079:2:info] Scanned contents of 108981 additional files at 23.48 per second
[Mar 21 13:47:14:1647870434.118795:2:info] Scanned contents of 108958 additional files at 23.48 per second
[Mar 21 13:47:13:1647870433.091426:2:info] Scanned contents of 108925 additional files at 23.48 per second
[Mar 21 13:47:12:1647870432.041022:2:info] Scanned contents of 108887 additional files at 23.48 per second
[Mar 21 13:47:11:1647870431.031479:2:info] Scanned contents of 108858 additional files at 23.48 per second
[Mar 21 13:47:09:1647870429.638678:2:info] Scanned contents of 108842 additional files at 23.48 per second
[Mar 21 13:47:07:1647870427.599686:2:info] Scanned contents of 108826 additional files at 23.49 per second
[Mar 21 13:47:06:1647870426.550725:2:info] Scanned contents of 108794 additional files at 23.49 per second
[Mar 21 13:47:05:1647870425.545997:2:info] Scanned contents of 108767 additional files at 23.49 per second
[Mar 21 13:47:04:1647870424.123023:2:info] Scanned contents of 108745 additional files at 23.49 per second
[Mar 21 13:47:03:1647870423.097249:2:info] Scanned contents of 108721 additional files at 23.49 per second
[Mar 21 13:47:01:1647870421.238536:2:info] Scanned contents of 108710 additional files at 23.49 per second
[Mar 21 13:47:00:1647870420.041255:2:info] Scanned contents of 108701 additional files at 23.50 per second
[Mar 21 13:46:59:1647870419.025719:2:info] Scanned contents of 108671 additional files at 23.50 per second
[Mar 21 13:46:58:1647870418.012781:2:info] Scanned contents of 108661 additional files at 23.50 per second
[Mar 21 13:46:57:1647870417.008410:2:info] Scanned contents of 108625 additional files at 23.50 per second
[Mar 21 13:46:55:1647870415.809974:2:info] Scanned contents of 108603 additional files at 23.50 per second
[Mar 21 13:46:54:1647870414.793577:2:info] Scanned contents of 108565 additional files at 23.50 per second
[Mar 21 13:46:53:1647870413.792937:2:info] Scanned contents of 108532 additional files at 23.49 per second
[Mar 21 13:46:52:1647870412.739144:2:info] Scanned contents of 108508 additional files at 23.49 per second
[Mar 21 13:46:50:1647870410.863782:2:info] Scanned contents of 108504 additional files at 23.50 per second
[Mar 21 13:46:49:1647870409.733504:2:info] Scanned contents of 108477 additional files at 23.50 per second
[Mar 21 13:46:48:1647870408.707313:2:info] Scanned contents of 108449 additional files at 23.50 per second
[Mar 21 13:46:47:1647870407.698417:2:info] Scanned contents of 108415 additional files at 23.50 per second
[Mar 21 13:46:46:1647870406.684092:2:info] Scanned contents of 108394 additional files at 23.50 per second
[Mar 21 13:46:45:1647870405.670316:2:info] Scanned contents of 108356 additional files at 23.50 per second
[Mar 21 13:46:43:1647870403.358074:2:info] Scanned contents of 108324 additional files at 23.50 per second
[Mar 21 13:46:42:1647870402.328455:2:info] Scanned contents of 108303 additional files at 23.50 per second
[Mar 21 13:46:41:1647870401.284851:2:info] Scanned contents of 108276 additional files at 23.50 per second
[Mar 21 13:46:40:1647870400.267250:2:info] Scanned contents of 108243 additional files at 23.50 per second
[Mar 21 13:46:39:1647870399.258130:2:info] Scanned contents of 108213 additional files at 23.50 per second
[Mar 21 13:46:38:1647870398.249773:2:info] Scanned contents of 108184 additional files at 23.50 per second
[Mar 21 13:46:37:1647870397.203027:2:info] Scanned contents of 108157 additional files at 23.50 per second
[Mar 21 13:46:36:1647870396.198748:2:info] Scanned contents of 108127 additional files at 23.50 per second
[Mar 21 13:46:33:1647870393.418109:2:info] Scanned contents of 108115 additional files at 23.51 per second
[Mar 21 13:46:32:1647870392.417988:2:info] Scanned contents of 108074 additional files at 23.50 per second
[Mar 21 13:46:31:1647870391.369674:2:info] Scanned contents of 108045 additional files at 23.50 per second
[Mar 21 13:46:30:1647870390.364573:2:info] Scanned contents of 108008 additional files at 23.50 per second
[Mar 21 13:46:29:1647870389.361424:2:info] Scanned contents of 107974 additional files at 23.50 per second
[Mar 21 13:46:28:1647870388.341882:2:info] Scanned contents of 107943 additional files at 23.50 per second
[Mar 21 13:46:27:1647870387.325534:2:info] Scanned contents of 107923 additional files at 23.50 per second
[Mar 21 13:46:26:1647870386.306817:2:info] Scanned contents of 107900 additional files at 23.50 per second
[Mar 21 13:46:25:1647870385.237652:2:info] Scanned contents of 107868 additional files at 23.50 per second
[Mar 21 13:46:22:1647870382.803502:2:info] Scanned contents of 107845 additional files at 23.50 per second
[Mar 21 13:46:21:1647870381.757796:2:info] Scanned contents of 107814 additional files at 23.50 per second
[Mar 21 13:46:20:1647870380.747128:2:info] Scanned contents of 107783 additional files at 23.50 per second
[Mar 21 13:46:19:1647870379.724775:2:info] Scanned contents of 107762 additional files at 23.50 per second
[Mar 21 13:46:18:1647870378.420866:2:info] Scanned contents of 107734 additional files at 23.50 per second
[Mar 21 13:46:15:1647870375.118545:2:info] Scanned contents of 107704 additional files at 23.51 per second
[Mar 21 13:46:14:1647870374.109397:2:info] Scanned contents of 107673 additional files at 23.51 per second
[Mar 21 13:46:13:1647870373.041238:2:info] Scanned contents of 107646 additional files at 23.51 per second
[Mar 21 13:46:12:1647870372.026756:2:info] Scanned contents of 107631 additional files at 23.51 per second
[Mar 21 13:46:11:1647870371.018500:2:info] Scanned contents of 107608 additional files at 23.51 per second
[Mar 21 13:46:10:1647870370.012913:2:info] Scanned contents of 107574 additional files at 23.51 per second
[Mar 21 13:46:08:1647870368.978533:2:info] Scanned contents of 107543 additional files at 23.51 per second
[Mar 21 13:46:07:1647870367.957006:2:info] Scanned contents of 107513 additional files at 23.51 per second
[Mar 21 13:46:06:1647870366.946613:2:info] Scanned contents of 107485 additional files at 23.51 per second
[Mar 21 13:46:05:1647870365.939484:2:info] Scanned contents of 107456 additional files at 23.50 per second
[Mar 21 13:46:04:1647870364.841243:2:info] Scanned contents of 107429 additional files at 23.50 per second
[Mar 21 13:46:03:1647870363.830411:2:info] Scanned contents of 107409 additional files at 23.51 per second
[Mar 21 13:46:02:1647870362.822006:2:info] Scanned contents of 107383 additional files at 23.50 per second
[Mar 21 13:46:01:1647870361.796049:2:info] Scanned contents of 107366 additional files at 23.51 per second
[Mar 21 13:46:00:1647870360.789117:2:info] Scanned contents of 107339 additional files at 23.51 per second
[Mar 21 13:45:58:1647870358.778809:2:info] Scanned contents of 107337 additional files at 23.52 per second
[Mar 21 13:45:57:1647870357.706228:2:info] Scanned contents of 107306 additional files at 23.51 per second
[Mar 21 13:45:56:1647870356.691404:2:info] Scanned contents of 107277 additional files at 23.51 per second
[Mar 21 13:45:55:1647870355.203483:2:info] Scanned contents of 107251 additional files at 23.52 per second
[Mar 21 13:45:54:1647870354.154796:2:info] Scanned contents of 107217 additional files at 23.51 per second
[Mar 21 13:45:53:1647870353.151167:2:info] Scanned contents of 107189 additional files at 23.51 per second
[Mar 21 13:45:52:1647870352.144023:2:info] Scanned contents of 107164 additional files at 23.51 per second
[Mar 21 13:45:51:1647870351.136027:2:info] Scanned contents of 107131 additional files at 23.51 per second
[Mar 21 13:45:50:1647870350.123450:2:info] Scanned contents of 107105 additional files at 23.51 per second
[Mar 21 13:45:49:1647870349.117594:2:info] Scanned contents of 107075 additional files at 23.51 per second
[Mar 21 13:45:48:1647870348.037145:2:info] Scanned contents of 107052 additional files at 23.51 per second
[Mar 21 13:45:47:1647870347.017054:2:info] Scanned contents of 107012 additional files at 23.50 per second
[Mar 21 13:45:46:1647870346.000987:2:info] Scanned contents of 106980 additional files at 23.50 per second
[Mar 21 13:45:44:1647870344.982666:2:info] Scanned contents of 106944 additional files at 23.50 per second
[Mar 21 13:45:43:1647870343.976407:2:info] Scanned contents of 106913 additional files at 23.50 per second
[Mar 21 13:45:41:1647870341.709883:2:info] Scanned contents of 106901 additional files at 23.51 per second
[Mar 21 13:45:40:1647870340.638777:2:info] Scanned contents of 106873 additional files at 23.51 per second
[Mar 21 13:45:39:1647870339.638769:2:info] Scanned contents of 106844 additional files at 23.51 per second
[Mar 21 13:45:38:1647870338.611975:2:info] Scanned contents of 106808 additional files at 23.50 per second
[Mar 21 13:45:37:1647870337.602454:2:info] Scanned contents of 106780 additional files at 23.50 per second
[Mar 21 13:45:36:1647870336.579668:2:info] Scanned contents of 106754 additional files at 23.50 per second
[Mar 21 13:45:35:1647870335.138643:2:info] Scanned contents of 106737 additional files at 23.51 per second
[Mar 21 13:45:34:1647870334.131186:2:info] Scanned contents of 106714 additional files at 23.51 per second
[Mar 21 13:45:33:1647870333.061701:2:info] Scanned contents of 106685 additional files at 23.51 per second
[Mar 21 13:45:32:1647870332.058402:2:info] Scanned contents of 106660 additional files at 23.50 per second
[Mar 21 13:45:31:1647870331.032824:2:info] Scanned contents of 106625 additional files at 23.50 per second
[Mar 21 13:45:30:1647870330.031375:2:info] Scanned contents of 106587 additional files at 23.50 per second
[Mar 21 13:45:29:1647870329.027718:2:info] Scanned contents of 106549 additional files at 23.50 per second
[Mar 21 13:45:28:1647870328.018864:2:info] Scanned contents of 106509 additional files at 23.49 per second
[Mar 21 13:45:27:1647870327.009494:2:info] Scanned contents of 106485 additional files at 23.49 per second
[Mar 21 13:45:24:1647870324.802665:2:info] Scanned contents of 106476 additional files at 23.50 per second
[Mar 21 13:45:23:1647870323.791364:2:info] Scanned contents of 106443 additional files at 23.50 per second
[Mar 21 13:45:22:1647870322.773873:2:info] Scanned contents of 106422 additional files at 23.50 per second
[Mar 21 13:45:21:1647870321.714407:2:info] Scanned contents of 106387 additional files at 23.50 per second
[Mar 21 13:45:20:1647870320.516866:2:info] Scanned contents of 106361 additional files at 23.50 per second
[Mar 21 13:45:19:1647870319.460662:2:info] Scanned contents of 106350 additional files at 23.50 per second
[Mar 21 13:45:18:1647870318.443576:2:info] Scanned contents of 106324 additional files at 23.50 per second
[Mar 21 13:45:17:1647870317.414172:2:info] Scanned contents of 106284 additional files at 23.50 per second
[Mar 21 13:45:16:1647870316.389025:2:info] Scanned contents of 106258 additional files at 23.50 per second
[Mar 21 13:45:15:1647870315.364974:2:info] Scanned contents of 106229 additional files at 23.50 per second
[Mar 21 13:45:14:1647870314.348556:2:info] Scanned contents of 106200 additional files at 23.50 per second
[Mar 21 13:45:13:1647870313.321307:2:info] Scanned contents of 106177 additional files at 23.50 per second
[Mar 21 13:45:12:1647870312.167071:2:info] Scanned contents of 106163 additional files at 23.50 per second
[Mar 21 13:45:11:1647870311.165486:2:info] Scanned contents of 106134 additional files at 23.50 per second
[Mar 21 13:45:10:1647870310.105755:2:info] Scanned contents of 106105 additional files at 23.50 per second
[Mar 21 13:45:07:1647870307.569681:2:info] Scanned contents of 106097 additional files at 23.51 per second
[Mar 21 13:45:06:1647870306.555909:2:info] Scanned contents of 106076 additional files at 23.51 per second
[Mar 21 13:45:04:1647870304.881490:2:info] Scanned contents of 106062 additional files at 23.51 per second
[Mar 21 13:45:03:1647870303.062359:2:info] Scanned contents of 106051 additional files at 23.52 per second
[Mar 21 13:45:01:1647870301.990293:2:info] Scanned contents of 106035 additional files at 23.52 per second
[Mar 21 13:45:00:1647870300.909461:2:info] Scanned contents of 106014 additional files at 23.52 per second
[Mar 21 13:44:59:1647870299.896638:2:info] Scanned contents of 105985 additional files at 23.52 per second
[Mar 21 13:44:58:1647870298.876237:2:info] Scanned contents of 105949 additional files at 23.52 per second
[Mar 21 13:44:57:1647870297.852176:2:info] Scanned contents of 105922 additional files at 23.52 per second
[Mar 21 13:44:56:1647870296.838924:2:info] Scanned contents of 105889 additional files at 23.52 per second
[Mar 21 13:44:55:1647870295.767100:2:info] Scanned contents of 105861 additional files at 23.52 per second
[Mar 21 13:44:53:1647870293.856619:2:info] Scanned contents of 105846 additional files at 23.52 per second
[Mar 21 13:44:52:1647870292.747153:2:info] Scanned contents of 105829 additional files at 23.53 per second
[Mar 21 13:44:50:1647870290.537778:2:info] Scanned contents of 105823 additional files at 23.54 per second
[Mar 21 13:44:49:1647870289.488135:2:info] Scanned contents of 105792 additional files at 23.53 per second
[Mar 21 13:44:48:1647870288.450715:2:info] Scanned contents of 105750 additional files at 23.53 per second
[Mar 21 13:44:47:1647870287.442439:2:info] Scanned contents of 105710 additional files at 23.53 per second
[Mar 21 13:44:46:1647870286.415518:2:info] Scanned contents of 105669 additional files at 23.52 per second
[Mar 21 13:44:45:1647870285.392791:2:info] Scanned contents of 105628 additional files at 23.52 per second
[Mar 21 13:44:44:1647870284.363654:2:info] Scanned contents of 105591 additional files at 23.52 per second
[Mar 21 13:44:43:1647870283.357155:2:info] Scanned contents of 105571 additional files at 23.52 per second
[Mar 21 13:44:42:1647870282.274458:2:info] Scanned contents of 105539 additional files at 23.52 per second
[Mar 21 13:44:40:1647870280.984822:2:info] Scanned contents of 105514 additional files at 23.52 per second
[Mar 21 13:44:39:1647870279.922905:2:info] Scanned contents of 105479 additional files at 23.51 per second
[Mar 21 13:44:38:1647870278.904215:2:info] Scanned contents of 105473 additional files at 23.52 per second
[Mar 21 13:44:37:1647870277.741575:2:info] Scanned contents of 105454 additional files at 23.52 per second
[Mar 21 13:44:36:1647870276.732406:2:info] Scanned contents of 105419 additional files at 23.52 per second
[Mar 21 13:44:35:1647870275.719930:2:info] Scanned contents of 105392 additional files at 23.52 per second
[Mar 21 13:44:31:1647870271.943335:2:info] Scanned contents of 105370 additional files at 23.53 per second
[Mar 21 13:44:30:1647870270.937060:2:info] Scanned contents of 105346 additional files at 23.53 per second
[Mar 21 13:44:29:1647870269.868822:2:info] Scanned contents of 105329 additional files at 23.53 per second
[Mar 21 13:44:28:1647870268.374773:2:info] Scanned contents of 105304 additional files at 23.54 per second
[Mar 21 13:44:27:1647870267.369651:2:info] Scanned contents of 105268 additional files at 23.53 per second
[Mar 21 13:44:26:1647870266.348401:2:info] Scanned contents of 105245 additional files at 23.53 per second
[Mar 21 13:44:25:1647870265.340937:2:info] Scanned contents of 105223 additional files at 23.53 per second
[Mar 21 13:44:24:1647870264.316504:2:info] Scanned contents of 105189 additional files at 23.53 per second
[Mar 21 13:44:23:1647870263.313869:2:info] Scanned contents of 105168 additional files at 23.53 per second
[Mar 21 13:44:22:1647870262.169858:2:info] Scanned contents of 105153 additional files at 23.54 per second
[Mar 21 13:44:21:1647870261.101865:2:info] Scanned contents of 105131 additional files at 23.54 per second
[Mar 21 13:44:20:1647870260.089596:2:info] Scanned contents of 105096 additional files at 23.53 per second
[Mar 21 13:44:19:1647870259.081930:2:info] Scanned contents of 105069 additional files at 23.53 per second
[Mar 21 13:44:18:1647870258.055414:2:info] Scanned contents of 105057 additional files at 23.54 per second
[Mar 21 13:44:15:1647870255.397827:2:info] Scanned contents of 105037 additional files at 23.54 per second
[Mar 21 13:44:14:1647870254.378008:2:info] Scanned contents of 105010 additional files at 23.54 per second
[Mar 21 13:44:13:1647870253.343784:2:info] Scanned contents of 104973 additional files at 23.54 per second
[Mar 21 13:44:12:1647870252.316618:2:info] Scanned contents of 104944 additional files at 23.54 per second
[Mar 21 13:44:11:1647870251.223696:2:info] Scanned contents of 104907 additional files at 23.54 per second
[Mar 21 13:44:10:1647870250.128949:2:info] Scanned contents of 104894 additional files at 23.54 per second
[Mar 21 13:44:09:1647870249.083976:2:info] Scanned contents of 104876 additional files at 23.54 per second
[Mar 21 13:44:08:1647870248.069243:2:info] Scanned contents of 104843 additional files at 23.54 per second
[Mar 21 13:44:07:1647870247.049820:2:info] Scanned contents of 104812 additional files at 23.54 per second
[Mar 21 13:44:06:1647870246.039517:2:info] Scanned contents of 104781 additional files at 23.54 per second
[Mar 21 13:44:04:1647870244.991533:2:info] Scanned contents of 104741 additional files at 23.53 per second
[Mar 21 13:44:03:1647870243.978990:2:info] Scanned contents of 104710 additional files at 23.53 per second
[Mar 21 13:44:02:1647870242.930392:2:info] Scanned contents of 104690 additional files at 23.53 per second
[Mar 21 13:44:01:1647870241.917035:2:info] Scanned contents of 104670 additional files at 23.53 per second
[Mar 21 13:44:00:1647870240.867540:2:info] Scanned contents of 104665 additional files at 23.54 per second
[Mar 21 13:43:58:1647870238.571478:2:info] Scanned contents of 104656 additional files at 23.55 per second
[Mar 21 13:43:56:1647870236.422979:2:info] Scanned contents of 104631 additional files at 23.55 per second
[Mar 21 13:43:55:1647870235.392389:2:info] Scanned contents of 104597 additional files at 23.55 per second
[Mar 21 13:43:54:1647870234.383096:2:info] Scanned contents of 104559 additional files at 23.55 per second
[Mar 21 13:43:52:1647870232.223678:2:info] Scanned contents of 104539 additional files at 23.56 per second
[Mar 21 13:43:51:1647870231.183695:2:info] Scanned contents of 104517 additional files at 23.56 per second
[Mar 21 13:43:50:1647870230.175399:2:info] Scanned contents of 104483 additional files at 23.55 per second
[Mar 21 13:43:48:1647870228.678652:2:info] Scanned contents of 104462 additional files at 23.56 per second
[Mar 21 13:43:47:1647870227.032089:2:info] Scanned contents of 104423 additional files at 23.56 per second
[Mar 21 13:43:46:1647870226.028019:2:info] Scanned contents of 104407 additional files at 23.56 per second
[Mar 21 13:43:45:1647870225.008102:2:info] Scanned contents of 104377 additional files at 23.56 per second
[Mar 21 13:43:43:1647870223.998020:2:info] Scanned contents of 104344 additional files at 23.56 per second
[Mar 21 13:43:41:1647870221.785980:2:info] Scanned contents of 104336 additional files at 23.57 per second
[Mar 21 13:43:40:1647870220.783050:2:info] Scanned contents of 104298 additional files at 23.56 per second
[Mar 21 13:43:39:1647870219.712853:2:info] Scanned contents of 104271 additional files at 23.56 per second
[Mar 21 13:43:37:1647870217.400233:2:info] Scanned contents of 104239 additional files at 23.57 per second
[Mar 21 13:43:36:1647870216.364308:2:info] Scanned contents of 104208 additional files at 23.57 per second
[Mar 21 13:43:35:1647870215.353157:2:info] Scanned contents of 104172 additional files at 23.56 per second
[Mar 21 13:43:34:1647870214.344959:2:info] Scanned contents of 104140 additional files at 23.56 per second
[Mar 21 13:43:33:1647870213.337158:2:info] Scanned contents of 104104 additional files at 23.56 per second
[Mar 21 13:43:32:1647870212.321753:2:info] Scanned contents of 104074 additional files at 23.56 per second
[Mar 21 13:43:31:1647870211.301333:2:info] Scanned contents of 104041 additional files at 23.55 per second
[Mar 21 13:43:30:1647870210.256192:2:info] Scanned contents of 104008 additional files at 23.55 per second
[Mar 21 13:43:29:1647870209.244306:2:info] Scanned contents of 103974 additional files at 23.55 per second
[Mar 21 13:43:27:1647870207.962904:2:info] Scanned contents of 103947 additional files at 23.55 per second
[Mar 21 13:43:26:1647870206.923553:2:info] Scanned contents of 103917 additional files at 23.55 per second
[Mar 21 13:43:24:1647870204.315968:2:info] Scanned contents of 103894 additional files at 23.56 per second
[Mar 21 13:43:23:1647870203.285104:2:info] Scanned contents of 103869 additional files at 23.56 per second
[Mar 21 13:43:22:1647870202.258955:2:info] Scanned contents of 103837 additional files at 23.56 per second
[Mar 21 13:43:21:1647870201.128948:2:info] Scanned contents of 103802 additional files at 23.55 per second
[Mar 21 13:43:20:1647870200.121353:2:info] Scanned contents of 103773 additional files at 23.55 per second
[Mar 21 13:43:19:1647870199.109035:2:info] Scanned contents of 103745 additional files at 23.55 per second
[Mar 21 13:43:17:1647870197.969063:2:info] Scanned contents of 103718 additional files at 23.55 per second
[Mar 21 13:43:16:1647870196.928690:2:info] Scanned contents of 103695 additional files at 23.55 per second
[Mar 21 13:43:15:1647870195.910412:2:info] Scanned contents of 103680 additional files at 23.55 per second
[Mar 21 13:43:14:1647870194.849537:2:info] Scanned contents of 103650 additional files at 23.55 per second
[Mar 21 13:43:13:1647870193.832644:2:info] Scanned contents of 103616 additional files at 23.55 per second
[Mar 21 13:43:12:1647870192.818747:2:info] Scanned contents of 103589 additional files at 23.55 per second
[Mar 21 13:43:11:1647870191.764594:2:info] Scanned contents of 103570 additional files at 23.55 per second
[Mar 21 13:43:10:1647870190.749177:2:info] Scanned contents of 103533 additional files at 23.55 per second
[Mar 21 13:43:07:1647870187.148923:2:info] Scanned contents of 103511 additional files at 23.56 per second
[Mar 21 13:43:06:1647870186.124637:2:info] Scanned contents of 103492 additional files at 23.56 per second
[Mar 21 13:43:05:1647870185.112546:2:info] Scanned contents of 103462 additional files at 23.56 per second
[Mar 21 13:43:03:1647870183.997948:2:info] Scanned contents of 103430 additional files at 23.56 per second
[Mar 21 13:43:02:1647870182.985629:2:info] Scanned contents of 103407 additional files at 23.56 per second
[Mar 21 13:43:01:1647870181.917004:2:info] Scanned contents of 103386 additional files at 23.56 per second
[Mar 21 13:43:00:1647870180.882729:2:info] Scanned contents of 103370 additional files at 23.56 per second
[Mar 21 13:42:58:1647870178.698383:2:info] Scanned contents of 103357 additional files at 23.57 per second
[Mar 21 13:42:57:1647870177.656192:2:info] Scanned contents of 103323 additional files at 23.57 per second
[Mar 21 13:42:56:1647870176.006646:2:info] Scanned contents of 103313 additional files at 23.58 per second
[Mar 21 13:42:54:1647870174.713817:2:info] Scanned contents of 103288 additional files at 23.58 per second
[Mar 21 13:42:52:1647870172.763163:2:info] Scanned contents of 103278 additional files at 23.59 per second
[Mar 21 13:42:50:1647870170.603608:2:info] Scanned contents of 103268 additional files at 23.60 per second
[Mar 21 13:42:48:1647870168.951997:2:info] Scanned contents of 103233 additional files at 23.60 per second
[Mar 21 13:42:47:1647870167.908049:2:info] Scanned contents of 103213 additional files at 23.60 per second
[Mar 21 13:42:46:1647870166.895060:2:info] Scanned contents of 103175 additional files at 23.60 per second
[Mar 21 13:42:45:1647870165.843942:2:info] Scanned contents of 103147 additional files at 23.59 per second
[Mar 21 13:42:44:1647870164.446039:2:info] Scanned contents of 103128 additional files at 23.60 per second
[Mar 21 13:42:43:1647870163.002778:2:info] Scanned contents of 103100 additional files at 23.60 per second
[Mar 21 13:42:41:1647870161.736224:2:info] Scanned contents of 103063 additional files at 23.60 per second
[Mar 21 13:42:40:1647870160.729422:2:info] Scanned contents of 103038 additional files at 23.60 per second
[Mar 21 13:42:39:1647870159.201650:2:info] Scanned contents of 103033 additional files at 23.60 per second
[Mar 21 13:42:38:1647870158.109732:2:info] Scanned contents of 103019 additional files at 23.61 per second
[Mar 21 13:42:37:1647870157.103285:2:info] Scanned contents of 102986 additional files at 23.61 per second
[Mar 21 13:42:36:1647870156.077735:2:info] Scanned contents of 102961 additional files at 23.61 per second
[Mar 21 13:42:33:1647870153.557169:2:info] Scanned contents of 102945 additional files at 23.62 per second
[Mar 21 13:42:32:1647870152.540512:2:info] Scanned contents of 102919 additional files at 23.61 per second
[Mar 21 13:42:31:1647870151.470727:2:info] Scanned contents of 102889 additional files at 23.61 per second
[Mar 21 13:42:30:1647870150.259624:2:info] Scanned contents of 102860 additional files at 23.61 per second
[Mar 21 13:42:29:1647870149.237394:2:info] Scanned contents of 102832 additional files at 23.61 per second
[Mar 21 13:42:28:1647870148.231666:2:info] Scanned contents of 102799 additional files at 23.61 per second
[Mar 21 13:42:27:1647870147.223570:2:info] Scanned contents of 102766 additional files at 23.61 per second
[Mar 21 13:42:25:1647870145.528330:2:info] Scanned contents of 102760 additional files at 23.62 per second
[Mar 21 13:42:24:1647870144.496303:2:info] Scanned contents of 102721 additional files at 23.61 per second
[Mar 21 13:42:23:1647870143.363911:2:info] Scanned contents of 102699 additional files at 23.61 per second
[Mar 21 13:42:22:1647870142.332666:2:info] Scanned contents of 102678 additional files at 23.61 per second
[Mar 21 13:42:21:1647870141.306808:2:info] Scanned contents of 102644 additional files at 23.61 per second
[Mar 21 13:42:20:1647870140.244032:2:info] Scanned contents of 102610 additional files at 23.61 per second
[Mar 21 13:42:19:1647870139.227258:2:info] Scanned contents of 102580 additional files at 23.61 per second
[Mar 21 13:42:16:1647870136.485115:2:info] Scanned contents of 102574 additional files at 23.62 per second
[Mar 21 13:42:15:1647870135.456706:2:info] Scanned contents of 102546 additional files at 23.62 per second
[Mar 21 13:42:14:1647870134.437549:2:info] Scanned contents of 102516 additional files at 23.62 per second
[Mar 21 13:42:13:1647870133.433183:2:info] Scanned contents of 102483 additional files at 23.62 per second
[Mar 21 13:42:12:1647870132.412213:2:info] Scanned contents of 102460 additional files at 23.62 per second
[Mar 21 13:42:11:1647870131.367066:2:info] Scanned contents of 102425 additional files at 23.62 per second
[Mar 21 13:42:10:1647870130.363966:2:info] Scanned contents of 102392 additional files at 23.61 per second
[Mar 21 13:42:08:1647870128.799449:2:info] Scanned contents of 102363 additional files at 23.62 per second
[Mar 21 13:42:07:1647870127.779065:2:info] Scanned contents of 102330 additional files at 23.61 per second
[Mar 21 13:42:06:1647870126.766006:2:info] Scanned contents of 102295 additional files at 23.61 per second
[Mar 21 13:42:05:1647870125.132700:2:info] Scanned contents of 102259 additional files at 23.61 per second
[Mar 21 13:42:04:1647870124.119523:2:info] Scanned contents of 102232 additional files at 23.61 per second
[Mar 21 13:42:02:1647870122.087487:2:info] Scanned contents of 102212 additional files at 23.62 per second
[Mar 21 13:41:59:1647870119.644090:2:info] Scanned contents of 102207 additional files at 23.63 per second
[Mar 21 13:41:58:1647870118.641972:2:info] Scanned contents of 102180 additional files at 23.63 per second
[Mar 21 13:41:57:1647870117.551409:2:info] Scanned contents of 102158 additional files at 23.63 per second
[Mar 21 13:41:56:1647870116.217228:2:info] Scanned contents of 102157 additional files at 23.64 per second
[Mar 21 13:41:54:1647870114.848585:2:info] Scanned contents of 102133 additional files at 23.64 per second
[Mar 21 13:41:53:1647870113.327407:2:info] Scanned contents of 102113 additional files at 23.64 per second
[Mar 21 13:41:52:1647870112.306616:2:info] Scanned contents of 102074 additional files at 23.64 per second
[Mar 21 13:41:51:1647870111.292830:2:info] Scanned contents of 102048 additional files at 23.64 per second
[Mar 21 13:41:50:1647870110.198286:2:info] Scanned contents of 102033 additional files at 23.64 per second
[Mar 21 13:41:49:1647870109.191237:2:info] Scanned contents of 102001 additional files at 23.64 per second
[Mar 21 13:41:48:1647870108.174756:2:info] Scanned contents of 101974 additional files at 23.64 per second
[Mar 21 13:41:47:1647870107.142813:2:info] Scanned contents of 101941 additional files at 23.64 per second
[Mar 21 13:41:45:1647870105.879854:2:info] Scanned contents of 101921 additional files at 23.64 per second
[Mar 21 13:41:44:1647870104.874248:2:info] Scanned contents of 101900 additional files at 23.64 per second
[Mar 21 13:41:42:1647870102.686970:2:info] Scanned contents of 101885 additional files at 23.65 per second
[Mar 21 13:41:41:1647870101.651664:2:info] Scanned contents of 101852 additional files at 23.65 per second
[Mar 21 13:41:40:1647870100.574455:2:info] Scanned contents of 101833 additional files at 23.65 per second
[Mar 21 13:41:39:1647870099.549148:2:info] Scanned contents of 101791 additional files at 23.64 per second
[Mar 21 13:41:38:1647870098.530245:2:info] Scanned contents of 101751 additional files at 23.64 per second
[Mar 21 13:41:37:1647870097.529206:2:info] Scanned contents of 101708 additional files at 23.64 per second
[Mar 21 13:41:36:1647870096.524449:2:info] Scanned contents of 101662 additional files at 23.63 per second
[Mar 21 13:41:35:1647870095.491895:2:info] Scanned contents of 101645 additional files at 23.63 per second
[Mar 21 13:41:34:1647870094.491231:2:info] Scanned contents of 101615 additional files at 23.63 per second
[Mar 21 13:41:33:1647870093.427099:2:info] Scanned contents of 101577 additional files at 23.63 per second
[Mar 21 13:41:32:1647870092.407074:2:info] Scanned contents of 101548 additional files at 23.63 per second
[Mar 21 13:41:31:1647870091.404673:2:info] Scanned contents of 101512 additional files at 23.62 per second
[Mar 21 13:41:30:1647870090.385421:2:info] Scanned contents of 101481 additional files at 23.62 per second
[Mar 21 13:41:29:1647870089.286643:2:info] Scanned contents of 101452 additional files at 23.62 per second
[Mar 21 13:41:27:1647870087.768239:2:info] Scanned contents of 101429 additional files at 23.62 per second
[Mar 21 13:41:25:1647870085.468850:2:info] Scanned contents of 101406 additional files at 23.63 per second
[Mar 21 13:41:24:1647870084.426257:2:info] Scanned contents of 101372 additional files at 23.63 per second
[Mar 21 13:41:23:1647870083.401001:2:info] Scanned contents of 101339 additional files at 23.63 per second
[Mar 21 13:41:21:1647870081.532708:2:info] Scanned contents of 101318 additional files at 23.63 per second
[Mar 21 13:41:20:1647870080.526111:2:info] Scanned contents of 101290 additional files at 23.63 per second
[Mar 21 13:41:19:1647870079.453795:2:info] Scanned contents of 101259 additional files at 23.63 per second
[Mar 21 13:41:18:1647870078.439416:2:info] Scanned contents of 101242 additional files at 23.63 per second
[Mar 21 13:41:17:1647870077.430692:2:info] Scanned contents of 101212 additional files at 23.63 per second
[Mar 21 13:41:16:1647870076.409592:2:info] Scanned contents of 101196 additional files at 23.63 per second
[Mar 21 13:41:15:1647870075.326436:2:info] Scanned contents of 101180 additional files at 23.63 per second
[Mar 21 13:41:14:1647870074.325212:2:info] Scanned contents of 101153 additional files at 23.63 per second
[Mar 21 13:41:13:1647870073.323610:2:info] Scanned contents of 101124 additional files at 23.63 per second
[Mar 21 13:41:12:1647870072.007134:2:info] Scanned contents of 101103 additional files at 23.63 per second
[Mar 21 13:41:10:1647870070.980871:2:info] Scanned contents of 101078 additional files at 23.63 per second
[Mar 21 13:41:07:1647870067.900605:2:info] Scanned contents of 101050 additional files at 23.64 per second
[Mar 21 13:41:06:1647870066.890492:2:info] Scanned contents of 101030 additional files at 23.65 per second
[Mar 21 13:41:05:1647870065.882898:2:info] Scanned contents of 100999 additional files at 23.64 per second
[Mar 21 13:41:04:1647870064.820956:2:info] Scanned contents of 100982 additional files at 23.65 per second
[Mar 21 13:41:03:1647870063.806349:2:info] Scanned contents of 100949 additional files at 23.64 per second
[Mar 21 13:41:02:1647870062.792898:2:info] Scanned contents of 100919 additional files at 23.64 per second
[Mar 21 13:41:01:1647870061.297851:2:info] Scanned contents of 100898 additional files at 23.65 per second
[Mar 21 13:41:00:1647870060.281484:2:info] Scanned contents of 100873 additional files at 23.65 per second
[Mar 21 13:40:59:1647870059.005563:2:info] Scanned contents of 100864 additional files at 23.65 per second
[Mar 21 13:40:57:1647870057.979356:2:info] Scanned contents of 100849 additional files at 23.65 per second
[Mar 21 13:40:56:1647870056.867383:2:info] Scanned contents of 100831 additional files at 23.65 per second
[Mar 21 13:40:55:1647870055.863548:2:info] Scanned contents of 100797 additional files at 23.65 per second
[Mar 21 13:40:54:1647870054.857225:2:info] Scanned contents of 100763 additional files at 23.65 per second
[Mar 21 13:40:53:1647870053.847581:2:info] Scanned contents of 100727 additional files at 23.65 per second
[Mar 21 13:40:51:1647870051.424314:2:info] Scanned contents of 100723 additional files at 23.66 per second
[Mar 21 13:40:50:1647870050.402238:2:info] Scanned contents of 100696 additional files at 23.66 per second
[Mar 21 13:40:49:1647870049.396452:2:info] Scanned contents of 100676 additional files at 23.66 per second
[Mar 21 13:40:48:1647870048.358168:2:info] Scanned contents of 100638 additional files at 23.66 per second
[Mar 21 13:40:47:1647870047.254935:2:info] Scanned contents of 100617 additional files at 23.66 per second
[Mar 21 13:40:46:1647870046.254438:2:info] Scanned contents of 100596 additional files at 23.66 per second
[Mar 21 13:40:45:1647870045.251788:2:info] Scanned contents of 100561 additional files at 23.66 per second
[Mar 21 13:40:44:1647870044.241005:2:info] Scanned contents of 100523 additional files at 23.65 per second
[Mar 21 13:40:43:1647870043.071932:2:info] Scanned contents of 100488 additional files at 23.65 per second
[Mar 21 13:40:42:1647870042.048148:2:info] Scanned contents of 100457 additional files at 23.65 per second
[Mar 21 13:40:40:1647870040.920715:2:info] Scanned contents of 100422 additional files at 23.65 per second
[Mar 21 13:40:39:1647870039.900412:2:info] Scanned contents of 100389 additional files at 23.65 per second
[Mar 21 13:40:38:1647870038.884024:2:info] Scanned contents of 100352 additional files at 23.64 per second
[Mar 21 13:40:37:1647870037.864622:2:info] Scanned contents of 100321 additional files at 23.64 per second
[Mar 21 13:40:36:1647870036.839737:2:info] Scanned contents of 100308 additional files at 23.64 per second
[Mar 21 13:40:34:1647870034.800863:2:info] Scanned contents of 100299 additional files at 23.65 per second
[Mar 21 13:40:33:1647870033.787332:2:info] Scanned contents of 100287 additional files at 23.66 per second
[Mar 21 13:40:32:1647870032.187361:2:info] Scanned contents of 100253 additional files at 23.66 per second
[Mar 21 13:40:31:1647870031.177311:2:info] Scanned contents of 100208 additional files at 23.65 per second
[Mar 21 13:40:30:1647870030.167423:2:info] Scanned contents of 100167 additional files at 23.65 per second
[Mar 21 13:40:29:1647870029.157542:2:info] Scanned contents of 100133 additional files at 23.64 per second
[Mar 21 13:40:28:1647870028.151995:2:info] Scanned contents of 100094 additional files at 23.64 per second
[Mar 21 13:40:27:1647870027.150418:2:info] Scanned contents of 100051 additional files at 23.64 per second
[Mar 21 13:40:26:1647870026.108378:2:info] Scanned contents of 100016 additional files at 23.63 per second
[Mar 21 13:40:25:1647870025.063692:2:info] Scanned contents of 99991 additional files at 23.63 per second
[Mar 21 13:40:24:1647870024.061430:2:info] Scanned contents of 99962 additional files at 23.63 per second
[Mar 21 13:40:23:1647870023.046364:2:info] Scanned contents of 99939 additional files at 23.63 per second
[Mar 21 13:40:22:1647870022.034757:2:info] Scanned contents of 99899 additional files at 23.63 per second
[Mar 21 13:40:21:1647870021.030699:2:info] Scanned contents of 99867 additional files at 23.63 per second
[Mar 21 13:40:20:1647870020.029353:2:info] Scanned contents of 99837 additional files at 23.63 per second
[Mar 21 13:40:17:1647870017.802719:2:info] Scanned contents of 99831 additional files at 23.64 per second
[Mar 21 13:40:16:1647870016.802529:2:info] Scanned contents of 99798 additional files at 23.63 per second
[Mar 21 13:40:15:1647870015.785349:2:info] Scanned contents of 99782 additional files at 23.64 per second
[Mar 21 13:40:14:1647870014.765713:2:info] Scanned contents of 99753 additional files at 23.64 per second
[Mar 21 13:40:13:1647870013.726252:2:info] Scanned contents of 99725 additional files at 23.63 per second
[Mar 21 13:40:12:1647870012.696694:2:info] Scanned contents of 99713 additional files at 23.64 per second
[Mar 21 13:40:11:1647870011.689245:2:info] Scanned contents of 99688 additional files at 23.64 per second
[Mar 21 13:40:10:1647870010.117258:2:info] Scanned contents of 99679 additional files at 23.64 per second
[Mar 21 13:40:09:1647870009.115706:2:info] Scanned contents of 99646 additional files at 23.64 per second
[Mar 21 13:40:08:1647870008.110434:2:info] Scanned contents of 99612 additional files at 23.64 per second
[Mar 21 13:40:07:1647870007.085324:2:info] Scanned contents of 99588 additional files at 23.64 per second
[Mar 21 13:40:05:1647870005.988151:2:info] Scanned contents of 99566 additional files at 23.64 per second
[Mar 21 13:40:04:1647870004.973568:2:info] Scanned contents of 99526 additional files at 23.64 per second
[Mar 21 13:40:03:1647870003.953530:2:info] Scanned contents of 99490 additional files at 23.63 per second
[Mar 21 13:40:02:1647870002.934537:2:info] Scanned contents of 99454 additional files at 23.63 per second
[Mar 21 13:40:00:1647870000.549859:2:info] Scanned contents of 99450 additional files at 23.64 per second
[Mar 21 13:39:59:1647869999.488472:2:info] Scanned contents of 99426 additional files at 23.64 per second
[Mar 21 13:39:58:1647869998.456170:2:info] Scanned contents of 99388 additional files at 23.64 per second
[Mar 21 13:39:57:1647869997.439800:2:info] Scanned contents of 99347 additional files at 23.64 per second
[Mar 21 13:39:56:1647869996.438503:2:info] Scanned contents of 99313 additional files at 23.63 per second
[Mar 21 13:39:55:1647869995.434742:2:info] Scanned contents of 99290 additional files at 23.63 per second
[Mar 21 13:39:54:1647869994.399659:2:info] Scanned contents of 99259 additional files at 23.63 per second
[Mar 21 13:39:53:1647869993.349585:2:info] Scanned contents of 99225 additional files at 23.63 per second
[Mar 21 13:39:51:1647869991.966870:2:info] Scanned contents of 99205 additional files at 23.63 per second
[Mar 21 13:39:50:1647869990.762422:2:info] Scanned contents of 99169 additional files at 23.63 per second
[Mar 21 13:39:49:1647869989.175167:2:info] Scanned contents of 99141 additional files at 23.63 per second
[Mar 21 13:39:46:1647869986.998826:2:info] Scanned contents of 99102 additional files at 23.64 per second
[Mar 21 13:39:45:1647869985.914715:2:info] Scanned contents of 99081 additional files at 23.64 per second
[Mar 21 13:39:43:1647869983.764097:2:info] Scanned contents of 99072 additional files at 23.65 per second
[Mar 21 13:39:42:1647869982.705689:2:info] Scanned contents of 99033 additional files at 23.64 per second
[Mar 21 13:39:41:1647869981.695724:2:info] Scanned contents of 99000 additional files at 23.64 per second
[Mar 21 13:39:40:1647869980.692933:2:info] Scanned contents of 98968 additional files at 23.64 per second
[Mar 21 13:39:38:1647869978.351190:2:info] Scanned contents of 98955 additional files at 23.65 per second
[Mar 21 13:39:37:1647869977.322979:2:info] Scanned contents of 98942 additional files at 23.65 per second
[Mar 21 13:39:36:1647869976.283758:2:info] Scanned contents of 98915 additional files at 23.65 per second
[Mar 21 13:39:35:1647869975.282559:2:info] Scanned contents of 98874 additional files at 23.65 per second
[Mar 21 13:39:34:1647869974.054144:2:info] Scanned contents of 98852 additional files at 23.65 per second
[Mar 21 13:39:33:1647869973.041007:2:info] Scanned contents of 98821 additional files at 23.65 per second
[Mar 21 13:39:32:1647869972.024310:2:info] Scanned contents of 98779 additional files at 23.64 per second
[Mar 21 13:39:30:1647869970.962833:2:info] Scanned contents of 98744 additional files at 23.64 per second
[Mar 21 13:39:29:1647869969.939946:2:info] Scanned contents of 98710 additional files at 23.64 per second
[Mar 21 13:39:28:1647869968.700469:2:info] Scanned contents of 98700 additional files at 23.64 per second
[Mar 21 13:39:26:1647869966.165765:2:info] Scanned contents of 98664 additional files at 23.65 per second
[Mar 21 13:39:25:1647869965.163609:2:info] Scanned contents of 98623 additional files at 23.65 per second
[Mar 21 13:39:23:1647869963.892438:2:info] Scanned contents of 98593 additional files at 23.65 per second
[Mar 21 13:39:22:1647869962.881381:2:info] Scanned contents of 98557 additional files at 23.64 per second
[Mar 21 13:39:21:1647869961.853142:2:info] Scanned contents of 98539 additional files at 23.64 per second
[Mar 21 13:39:20:1647869960.661897:2:info] Scanned contents of 98513 additional files at 23.64 per second
[Mar 21 13:39:19:1647869959.644126:2:info] Scanned contents of 98480 additional files at 23.64 per second
[Mar 21 13:39:18:1647869958.605465:2:info] Scanned contents of 98467 additional files at 23.65 per second
[Mar 21 13:39:17:1647869957.549517:2:info] Scanned contents of 98435 additional files at 23.64 per second
[Mar 21 13:39:16:1647869956.537905:2:info] Scanned contents of 98395 additional files at 23.64 per second
[Mar 21 13:39:15:1647869955.513981:2:info] Scanned contents of 98359 additional files at 23.64 per second
[Mar 21 13:39:14:1647869954.503581:2:info] Scanned contents of 98317 additional files at 23.63 per second
[Mar 21 13:39:13:1647869953.497149:2:info] Scanned contents of 98280 additional files at 23.63 per second
[Mar 21 13:39:12:1647869952.480626:2:info] Scanned contents of 98250 additional files at 23.63 per second
[Mar 21 13:39:11:1647869951.462062:2:info] Scanned contents of 98210 additional files at 23.62 per second
[Mar 21 13:39:09:1647869949.121721:2:info] Scanned contents of 98181 additional files at 23.63 per second
[Mar 21 13:39:08:1647869948.095507:2:info] Scanned contents of 98153 additional files at 23.63 per second
[Mar 21 13:39:06:1647869946.878103:2:info] Scanned contents of 98117 additional files at 23.63 per second
[Mar 21 13:39:05:1647869945.868457:2:info] Scanned contents of 98077 additional files at 23.62 per second
[Mar 21 13:39:04:1647869944.495071:2:info] Scanned contents of 98054 additional files at 23.63 per second
[Mar 21 13:39:03:1647869943.012768:2:info] Scanned contents of 98025 additional files at 23.63 per second
[Mar 21 13:39:01:1647869941.987793:2:info] Scanned contents of 97989 additional files at 23.62 per second
[Mar 21 13:39:00:1647869940.979081:2:info] Scanned contents of 97963 additional files at 23.62 per second
[Mar 21 13:38:59:1647869939.974329:2:info] Scanned contents of 97935 additional files at 23.62 per second
[Mar 21 13:38:58:1647869938.955010:2:info] Scanned contents of 97901 additional files at 23.62 per second
[Mar 21 13:38:57:1647869937.595864:2:info] Scanned contents of 97870 additional files at 23.62 per second
[Mar 21 13:38:56:1647869936.569715:2:info] Scanned contents of 97833 additional files at 23.62 per second
[Mar 21 13:38:55:1647869935.547792:2:info] Scanned contents of 97800 additional files at 23.62 per second
[Mar 21 13:38:54:1647869934.498889:2:info] Scanned contents of 97785 additional files at 23.62 per second
[Mar 21 13:38:51:1647869931.328333:2:info] Scanned contents of 97779 additional files at 23.63 per second
[Mar 21 13:38:50:1647869930.236666:2:info] Scanned contents of 97739 additional files at 23.63 per second
[Mar 21 13:38:49:1647869929.221441:2:info] Scanned contents of 97705 additional files at 23.63 per second
[Mar 21 13:38:48:1647869928.213281:2:info] Scanned contents of 97673 additional files at 23.63 per second
[Mar 21 13:38:47:1647869927.201531:2:info] Scanned contents of 97634 additional files at 23.62 per second
[Mar 21 13:38:46:1647869926.139140:2:info] Scanned contents of 97604 additional files at 23.62 per second
[Mar 21 13:38:45:1647869925.106064:2:info] Scanned contents of 97588 additional files at 23.62 per second
[Mar 21 13:38:43:1647869923.912837:2:info] Scanned contents of 97558 additional files at 23.62 per second
[Mar 21 13:38:42:1647869922.870056:2:info] Scanned contents of 97520 additional files at 23.62 per second
[Mar 21 13:38:41:1647869921.861577:2:info] Scanned contents of 97484 additional files at 23.62 per second
[Mar 21 13:38:40:1647869920.856720:2:info] Scanned contents of 97462 additional files at 23.62 per second
[Mar 21 13:38:39:1647869919.822209:2:info] Scanned contents of 97434 additional files at 23.62 per second
[Mar 21 13:38:38:1647869918.802249:2:info] Scanned contents of 97413 additional files at 23.62 per second
[Mar 21 13:38:37:1647869917.632319:2:info] Scanned contents of 97375 additional files at 23.62 per second
[Mar 21 13:38:36:1647869916.510543:2:info] Scanned contents of 97368 additional files at 23.62 per second
[Mar 21 13:38:33:1647869913.044194:2:info] Scanned contents of 97331 additional files at 23.63 per second
[Mar 21 13:38:31:1647869911.919594:2:info] Scanned contents of 97321 additional files at 23.64 per second
[Mar 21 13:38:30:1647869910.895543:2:info] Scanned contents of 97295 additional files at 23.63 per second
[Mar 21 13:38:29:1647869909.872473:2:info] Scanned contents of 97271 additional files at 23.63 per second
[Mar 21 13:38:28:1647869908.420080:2:info] Scanned contents of 97240 additional files at 23.64 per second
[Mar 21 13:38:27:1647869907.399455:2:info] Scanned contents of 97207 additional files at 23.63 per second
[Mar 21 13:38:26:1647869906.381685:2:info] Scanned contents of 97176 additional files at 23.63 per second
[Mar 21 13:38:25:1647869905.372140:2:info] Scanned contents of 97154 additional files at 23.63 per second
[Mar 21 13:38:24:1647869904.264561:2:info] Scanned contents of 97116 additional files at 23.63 per second
[Mar 21 13:38:23:1647869903.255965:2:info] Scanned contents of 97090 additional files at 23.63 per second
[Mar 21 13:38:22:1647869902.250745:2:info] Scanned contents of 97051 additional files at 23.62 per second
[Mar 21 13:38:21:1647869901.241163:2:info] Scanned contents of 97011 additional files at 23.62 per second
[Mar 21 13:38:20:1647869900.151310:2:info] Scanned contents of 96973 additional files at 23.62 per second
[Mar 21 13:38:19:1647869899.138522:2:info] Scanned contents of 96938 additional files at 23.62 per second
[Mar 21 13:38:16:1647869896.433442:2:info] Scanned contents of 96936 additional files at 23.63 per second
[Mar 21 13:38:15:1647869895.415771:2:info] Scanned contents of 96909 additional files at 23.63 per second3
